Determining if the pthread_create exist failed with the following output:
Change Dir: /home/jing/Desktop/808x/assignment/week5/Git/week5/build/CMakeFiles/CMakeTmp

Run Build Command:"/usr/bin/make" "cmTC_657d0/fast"
/usr/bin/make -f CMakeFiles/cmTC_657d0.dir/build.make CMakeFiles/cmTC_657d0.dir/build
make[1]: Entering directory '/home/jing/Desktop/808x/assignment/week5/Git/week5/build/CMakeFiles/CMakeTmp'
Building C object CMakeFiles/cmTC_657d0.dir/CheckSymbolExists.c.o
/usr/bin/cc     -o CMakeFiles/cmTC_657d0.dir/CheckSymbolExists.c.o   -c /home/jing/Desktop/808x/assignment/week5/Git/week5/build/CMakeFiles/CMakeTmp/CheckSymbolExists.c
Linking C executable cmTC_657d0
/usr/bin/cmake -E cmake_link_script CMakeFiles/cmTC_657d0.dir/link.txt --verbose=1
/usr/bin/cc       CMakeFiles/cmTC_657d0.dir/CheckSymbolExists.c.o  -o cmTC_657d0 -rdynamic 
CMakeFiles/cmTC_657d0.dir/CheckSymbolExists.c.o: In function `main':
CheckSymbolExists.c:(.text+0x16): undefined reference to `pthread_create'
collect2: error: ld returned 1 exit status
CMakeFiles/cmTC_657d0.dir/build.make:97: recipe for target 'cmTC_657d0' failed
make[1]: *** [cmTC_657d0] Error 1
make[1]: Leaving directory '/home/jing/Desktop/808x/assignment/week5/Git/week5/build/CMakeFiles/CMakeTmp'
Makefile:126: recipe for target 'cmTC_657d0/fast' failed
make: *** [cmTC_657d0/fast] Error 2

File /home/jing/Desktop/808x/assignment/week5/Git/week5/build/CMakeFiles/CMakeTmp/CheckSymbolExists.c:
/* */
#include <pthread.h>

int main(int argc, char** argv)
{
  (void)argv;
#ifndef pthread_create
  return ((int*)(&pthread_create))[argc];
#else
  (void)argc;
  return 0;
#endif
}

Determining if the function pthread_create exists in the pthreads failed with the following output:
Change Dir: /home/jing/Desktop/808x/assignment/week5/Git/week5/build/CMakeFiles/CMakeTmp

Run Build Command:"/usr/bin/make" "cmTC_22cd3/fast"
/usr/bin/make -f CMakeFiles/cmTC_22cd3.dir/build.make CMakeFiles/cmTC_22cd3.dir/build
make[1]: Entering directory '/home/jing/Desktop/808x/assignment/week5/Git/week5/build/CMakeFiles/CMakeTmp'
Building C object CMakeFiles/cmTC_22cd3.dir/CheckFunctionExists.c.o
/usr/bin/cc    -DCHECK_FUNCTION_EXISTS=pthread_create   -o CMakeFiles/cmTC_22cd3.dir/CheckFunctionExists.c.o   -c /usr/share/cmake-3.5/Modules/CheckFunctionExists.c
Linking C executable cmTC_22cd3
/usr/bin/cmake -E cmake_link_script CMakeFiles/cmTC_22cd3.dir/link.txt --verbose=1
/usr/bin/cc   -DCHECK_FUNCTION_EXISTS=pthread_create    CMakeFiles/cmTC_22cd3.dir/CheckFunctionExists.c.o  -o cmTC_22cd3 -rdynamic -lpthreads 
/usr/bin/ld: cannot find -lpthreads
collect2: error: ld returned 1 exit status
CMakeFiles/cmTC_22cd3.dir/build.make:97: recipe for target 'cmTC_22cd3' failed
make[1]: *** [cmTC_22cd3] Error 1
make[1]: Leaving directory '/home/jing/Desktop/808x/assignment/week5/Git/week5/build/CMakeFiles/CMakeTmp'
Makefile:126: recipe for target 'cmTC_22cd3/fast' failed
make: *** [cmTC_22cd3/fast] Error 2


